<?xml version="1.0" encoding="UTF-8"?>
<!-- Generated by org.testng.reporters.JUnitReportReporter -->
<testsuite hostname="LAPTOP-NPAGS1O1" failures="0" tests="1" name="testCases.simpleTest" time="0.032" errors="0" timestamp="2024-10-27T14:36:08 EDT" skipped="0">
  <testcase classname="testCases.simpleTest" name="sampleTest" time="0.032"/>
  <system-out/>
</testsuite> <!-- testCases.simpleTest -->
