<?xml version="1.0" encoding="UTF-8"?>
<!-- Generated by org.testng.reporters.JUnitReportReporter -->
<testsuite hostname="LAPTOP-NPAGS1O1" failures="0" tests="1" name="testCases.NewTest" time="0.135" errors="0" timestamp="2024-10-28T16:35:48 EDT" skipped="0">
  <testcase classname="testCases.NewTest" name="f" time="0.135"/>
  <system-out/>
</testsuite> <!-- testCases.NewTest -->
