<?xml version="1.0" encoding="UTF-8"?>
<!-- Generated by org.testng.reporters.JUnitReportReporter -->
<testsuite hostname="LAPTOP-NPAGS1O1" failures="0" tests="2" name="testCases.TC02_LoginPage" time="2.795" errors="0" timestamp="2024-10-28T14:47:47 EDT" skipped="0">
  <testcase classname="testCases.TC02_LoginPage" name="loginAppliation" time="1.307"/>
  <system-out/>
  <testcase classname="testCases.TC02_LoginPage" name="loginAppliation" time="1.488"/>
  <system-out/>
</testsuite> <!-- testCases.TC02_LoginPage -->
