<?xml version="1.0" encoding="UTF-8"?>
<!-- Generated by org.testng.reporters.JUnitReportReporter -->
<testsuite hostname="LAPTOP-NPAGS1O1" failures="0" tests="1" name="testCases.TC01_AccountRegistration" time="3.630" errors="0" timestamp="2024-10-28T16:38:47 EDT" skipped="0">
  <testcase classname="testCases.TC01_AccountRegistration" name="registorDeatils" time="3.630"/>
  <system-out/>
</testsuite> <!-- testCases.TC01_AccountRegistration -->
