<?xml version="1.0" encoding="UTF-8"?>
<!-- Generated by org.testng.reporters.JUnitReportReporter -->
<testsuite hostname="LAPTOP-NPAGS1O1" failures="0" tests="1" name="testCases.sampleQAFTest$SimpleQAFTest" time="0.026" errors="0" timestamp="2024-10-27T14:40:23 EDT" skipped="0">
  <testcase classname="testCases.sampleQAFTest$SimpleQAFTest" name="sampleQAFTest" time="0.026"/>
  <system-out/>
</testsuite> <!-- testCases.sampleQAFTest$SimpleQAFTest -->
