<?xml version="1.0" encoding="UTF-8"?>
<!-- Generated by org.testng.reporters.JUnitReportReporter -->
<testsuite hostname="LAPTOP-NPAGS1O1" failures="0" tests="1" name="testCases.TC03_LoginDataDrivenTesting" time="0.000" errors="0" timestamp="2024-10-27T14:48:20 EDT" skipped="1">
  <testcase classname="testCases.TC03_LoginDataDrivenTesting" name="verify_loginDDT" time="0.000">
    <skipped/>
  </testcase> <!-- verify_loginDDT -->
  <system-out/>
</testsuite> <!-- testCases.TC03_LoginDataDrivenTesting -->
